This is pdfTeX, Version 3.14159265-2.6-1.40.17 (MiKTeX 2.9.6210 64-bit) (preloaded format=pdflatex 2017.4.18)  2 MAY 2017 22:20
entering extended mode
**./cube.tex
(cube.tex
LaTeX2e <2017/01/01> patch level 1
Babel <3.9r> and hyphenation patterns for 75 language(s) loaded.

("C:\Users\cash_\AppData\Local\Programs\MiKTeX 2.9\tex\latex\koma-script\scrart
cl.cls"
Document Class: scrartcl 2017/01/03 v3.22 KOMA-Script document class (article)

("C:\Users\cash_\AppData\Local\Programs\MiKTeX 2.9\tex\latex\koma-script\scrkba
se.sty"
Package: scrkbase 2017/01/03 v3.22 KOMA-Script package (KOMA-Script-dependent b
asics and keyval usage)

("C:\Users\cash_\AppData\Local\Programs\MiKTeX 2.9\tex\latex\koma-script\scrbas
e.sty"
Package: scrbase 2017/01/03 v3.22 KOMA-Script package (KOMA-Script-independent 
basics and keyval usage)

("C:\Users\cash_\AppData\Local\Programs\MiKTeX 2.9\tex\latex\graphics\keyval.st
y"
Package: keyval 2014/10/28 v1.15 key=value parser (DPC)
\KV@toks@=\toks14
)
("C:\Users\cash_\AppData\Local\Programs\MiKTeX 2.9\tex\latex\koma-script\scrlfi
le.sty"
Package: scrlfile 2017/01/03 v3.22 KOMA-Script package (loading files)

Package scrlfile, 2017/01/03 v3.22 KOMA-Script package (loading files)
                  Copyright (C) Markus Kohm

)))
("C:\Users\cash_\AppData\Local\Programs\MiKTeX 2.9\tex\latex\koma-script\tocbas
ic.sty"
Package: tocbasic 2017/01/03 v3.22 KOMA-Script package (handling toc-files)
\scr@dte@tocline@numberwidth=\skip41
\scr@dte@tocline@numbox=\box26
)
Package tocbasic Info: omitting babel extension for `toc'
(tocbasic)             because of feature `nobabel' available
(tocbasic)             for `toc' on input line 130.
Package tocbasic Info: omitting babel extension for `lof'
(tocbasic)             because of feature `nobabel' available
(tocbasic)             for `lof' on input line 131.
Package tocbasic Info: omitting babel extension for `lot'
(tocbasic)             because of feature `nobabel' available
(tocbasic)             for `lot' on input line 132.
Class scrartcl Info: File `scrsize11pt.clo' used instead of
(scrartcl)           file `scrsize11.clo' to setup font sizes on input line 205
3.

("C:\Users\cash_\AppData\Local\Programs\MiKTeX 2.9\tex\latex\koma-script\scrsiz
e11pt.clo"
File: scrsize11pt.clo 2017/01/03 v3.22 KOMA-Script font size class option (11pt
)
)
("C:\Users\cash_\AppData\Local\Programs\MiKTeX 2.9\tex\latex\koma-script\typear
ea.sty"
Package: typearea 2017/01/03 v3.22 KOMA-Script package (type area)

Package typearea, 2017/01/03 v3.22 KOMA-Script package (type area)
                  Copyright (C) Frank Neukam, 1992-1994
                  Copyright (C) Markus Kohm, 1994-

\ta@bcor=\skip42
\ta@div=\count79
\ta@hblk=\skip43
\ta@vblk=\skip44
\ta@temp=\skip45
\footheight=\skip46
Package typearea Info: These are the values describing the layout:
(typearea)             DIV  = 10
(typearea)             BCOR = 0.0pt
(typearea)             \paperwidth      = 597.50793pt
(typearea)              \textwidth      = 418.25555pt
(typearea)              DIV departure   = -6%
(typearea)              \evensidemargin = 17.3562pt
(typearea)              \oddsidemargin  = 17.3562pt
(typearea)             \paperheight     = 845.04694pt
(typearea)              \textheight     = 595.80026pt
(typearea)              \topmargin      = -25.16531pt
(typearea)              \headheight     = 17.0pt
(typearea)              \headsep        = 20.40001pt
(typearea)              \topskip        = 11.0pt
(typearea)              \footskip       = 47.6pt
(typearea)              \baselineskip   = 13.6pt
(typearea)              on input line 1583.
)
\c@part=\count80
\c@section=\count81
\c@subsection=\count82
\c@subsubsection=\count83
\c@paragraph=\count84
\c@subparagraph=\count85
\scr@dte@part@maxnumwidth=\skip47
\scr@dte@section@maxnumwidth=\skip48
\scr@dte@subsection@maxnumwidth=\skip49
\scr@dte@subsubsection@maxnumwidth=\skip50
\scr@dte@paragraph@maxnumwidth=\skip51
\scr@dte@subparagraph@maxnumwidth=\skip52
LaTeX Info: Redefining \textsubscript on input line 4076.
\abovecaptionskip=\skip53
\belowcaptionskip=\skip54
\c@pti@nb@sid@b@x=\box27
\c@figure=\count86
\c@table=\count87
Class scrartcl Info: Redefining `\numberline' on input line 5125.
\bibindent=\dimen102
)
("C:\Users\cash_\AppData\Local\Programs\MiKTeX 2.9\tex\latex\geometry\geometry.
sty"
Package: geometry 2010/09/12 v5.6 Page Geometry

("C:\Users\cash_\AppData\Local\Programs\MiKTeX 2.9\tex\generic\oberdiek\ifpdf.s
ty"
Package: ifpdf 2016/05/14 v3.1 Provides the ifpdf switch
)
("C:\Users\cash_\AppData\Local\Programs\MiKTeX 2.9\tex\generic\oberdiek\ifvtex.
sty"
Package: ifvtex 2016/05/16 v1.6 Detect VTeX and its facilities (HO)
Package ifvtex Info: VTeX not detected.
)
("C:\Users\cash_\AppData\Local\Programs\MiKTeX 2.9\tex\generic\ifxetex\ifxetex.
sty"
Package: ifxetex 2010/09/12 v0.6 Provides ifxetex conditional
)
\Gm@cnth=\count88
\Gm@cntv=\count89
\c@Gm@tempcnt=\count90
\Gm@bindingoffset=\dimen103
\Gm@wd@mp=\dimen104
\Gm@odd@mp=\dimen105
\Gm@even@mp=\dimen106
\Gm@layoutwidth=\dimen107
\Gm@layoutheight=\dimen108
\Gm@layouthoffset=\dimen109
\Gm@layoutvoffset=\dimen110
\Gm@dimlist=\toks15

("C:\Users\cash_\AppData\Local\Programs\MiKTeX 2.9\tex\latex\geometry\geometry.
cfg"))
("C:\Users\cash_\AppData\Local\Programs\MiKTeX 2.9\tex\latex\pgf\frontendlayer\
tikz.sty"
("C:\Users\cash_\AppData\Local\Programs\MiKTeX 2.9\tex\latex\pgf\basiclayer\pgf
.sty"
("C:\Users\cash_\AppData\Local\Programs\MiKTeX 2.9\tex\latex\pgf\utilities\pgfr
cs.sty"
("C:\Users\cash_\AppData\Local\Programs\MiKTeX 2.9\tex\generic\pgf\utilities\pg
futil-common.tex"
\pgfutil@everybye=\toks16
\pgfutil@tempdima=\dimen111
\pgfutil@tempdimb=\dimen112

("C:\Users\cash_\AppData\Local\Programs\MiKTeX 2.9\tex\generic\pgf\utilities\pg
futil-common-lists.tex"))
("C:\Users\cash_\AppData\Local\Programs\MiKTeX 2.9\tex\generic\pgf\utilities\pg
futil-latex.def"
\pgfutil@abb=\box28

("C:\Users\cash_\AppData\Local\Programs\MiKTeX 2.9\tex\latex\ms\everyshi.sty"
Package: everyshi 2001/05/15 v3.00 EveryShipout Package (MS)
))
("C:\Users\cash_\AppData\Local\Programs\MiKTeX 2.9\tex\generic\pgf\utilities\pg
frcs.code.tex"
Package: pgfrcs 2015/08/07 v3.0.1a (rcs-revision 1.31)
))
Package: pgf 2015/08/07 v3.0.1a (rcs-revision 1.15)

("C:\Users\cash_\AppData\Local\Programs\MiKTeX 2.9\tex\latex\pgf\basiclayer\pgf
core.sty"
("C:\Users\cash_\AppData\Local\Programs\MiKTeX 2.9\tex\latex\graphics\graphicx.
sty"
Package: graphicx 2014/10/28 v1.0g Enhanced LaTeX Graphics (DPC,SPQR)

("C:\Users\cash_\AppData\Local\Programs\MiKTeX 2.9\tex\latex\graphics\graphics.
sty"
Package: graphics 2016/10/09 v1.0u Standard LaTeX Graphics (DPC,SPQR)

("C:\Users\cash_\AppData\Local\Programs\MiKTeX 2.9\tex\latex\graphics\trig.sty"
Package: trig 2016/01/03 v1.10 sin cos tan (DPC)
)
("C:\Users\cash_\AppData\Local\Programs\MiKTeX 2.9\tex\latex\graphics-cfg\graph
ics.cfg"
File: graphics.cfg 2016/06/04 v1.11 sample graphics configuration
)
Package graphics Info: Driver file: pdftex.def on input line 99.

("C:\Users\cash_\AppData\Local\Programs\MiKTeX 2.9\tex\latex\graphics-def\pdfte
x.def"
File: pdftex.def 2017/01/12 v0.06k Graphics/color for pdfTeX

("C:\Users\cash_\AppData\Local\Programs\MiKTeX 2.9\tex\generic\oberdiek\infware
rr.sty"
Package: infwarerr 2016/05/16 v1.4 Providing info/warning/error messages (HO)
)
("C:\Users\cash_\AppData\Local\Programs\MiKTeX 2.9\tex\generic\oberdiek\ltxcmds
.sty"
Package: ltxcmds 2016/05/16 v1.23 LaTeX kernel commands for general use (HO)
)
\Gread@gobject=\count91
))
\Gin@req@height=\dimen113
\Gin@req@width=\dimen114
)
("C:\Users\cash_\AppData\Local\Programs\MiKTeX 2.9\tex\latex\pgf\systemlayer\pg
fsys.sty"
("C:\Users\cash_\AppData\Local\Programs\MiKTeX 2.9\tex\generic\pgf\systemlayer\
pgfsys.code.tex"
Package: pgfsys 2014/07/09 v3.0.1a (rcs-revision 1.48)

("C:\Users\cash_\AppData\Local\Programs\MiKTeX 2.9\tex\generic\pgf\utilities\pg
fkeys.code.tex"
\pgfkeys@pathtoks=\toks17
\pgfkeys@temptoks=\toks18

("C:\Users\cash_\AppData\Local\Programs\MiKTeX 2.9\tex\generic\pgf\utilities\pg
fkeysfiltered.code.tex"
\pgfkeys@tmptoks=\toks19
))
\pgf@x=\dimen115
\pgf@y=\dimen116
\pgf@xa=\dimen117
\pgf@ya=\dimen118
\pgf@xb=\dimen119
\pgf@yb=\dimen120
\pgf@xc=\dimen121
\pgf@yc=\dimen122
\w@pgf@writea=\write3
\r@pgf@reada=\read1
\c@pgf@counta=\count92
\c@pgf@countb=\count93
\c@pgf@countc=\count94
\c@pgf@countd=\count95
\t@pgf@toka=\toks20
\t@pgf@tokb=\toks21
\t@pgf@tokc=\toks22

("C:\Users\cash_\AppData\Local\Programs\MiKTeX 2.9\tex\generic\pgf\systemlayer\
pgf.cfg"
File: pgf.cfg 2008/05/14  (rcs-revision 1.7)
)
Driver file for pgf: pgfsys-pdftex.def

("C:\Users\cash_\AppData\Local\Programs\MiKTeX 2.9\tex\generic\pgf\systemlayer\
pgfsys-pdftex.def"
File: pgfsys-pdftex.def 2014/10/11  (rcs-revision 1.35)

("C:\Users\cash_\AppData\Local\Programs\MiKTeX 2.9\tex\generic\pgf\systemlayer\
pgfsys-common-pdf.def"
File: pgfsys-common-pdf.def 2013/10/10  (rcs-revision 1.13)
)))
("C:\Users\cash_\AppData\Local\Programs\MiKTeX 2.9\tex\generic\pgf\systemlayer\
pgfsyssoftpath.code.tex"
File: pgfsyssoftpath.code.tex 2013/09/09  (rcs-revision 1.9)
\pgfsyssoftpath@smallbuffer@items=\count96
\pgfsyssoftpath@bigbuffer@items=\count97
)
("C:\Users\cash_\AppData\Local\Programs\MiKTeX 2.9\tex\generic\pgf\systemlayer\
pgfsysprotocol.code.tex"
File: pgfsysprotocol.code.tex 2006/10/16  (rcs-revision 1.4)
))
("C:\Users\cash_\AppData\Local\Programs\MiKTeX 2.9\tex\latex\xcolor\xcolor.sty"
Package: xcolor 2016/05/11 v2.12 LaTeX color extensions (UK)

("C:\Users\cash_\AppData\Local\Programs\MiKTeX 2.9\tex\latex\graphics-cfg\color
.cfg"
File: color.cfg 2016/01/02 v1.6 sample color configuration
)
Package xcolor Info: Driver file: pdftex.def on input line 225.
Package xcolor Info: Model `cmy' substituted by `cmy0' on input line 1348.
Package xcolor Info: Model `hsb' substituted by `rgb' on input line 1352.
Package xcolor Info: Model `RGB' extended on input line 1364.
Package xcolor Info: Model `HTML' substituted by `rgb' on input line 1366.
Package xcolor Info: Model `Hsb' substituted by `hsb' on input line 1367.
Package xcolor Info: Model `tHsb' substituted by `hsb' on input line 1368.
Package xcolor Info: Model `HSB' substituted by `hsb' on input line 1369.
Package xcolor Info: Model `Gray' substituted by `gray' on input line 1370.
Package xcolor Info: Model `wave' substituted by `hsb' on input line 1371.
)
("C:\Users\cash_\AppData\Local\Programs\MiKTeX 2.9\tex\generic\pgf\basiclayer\p
gfcore.code.tex"
Package: pgfcore 2010/04/11 v3.0.1a (rcs-revision 1.7)

("C:\Users\cash_\AppData\Local\Programs\MiKTeX 2.9\tex\generic\pgf\math\pgfmath
.code.tex"
("C:\Users\cash_\AppData\Local\Programs\MiKTeX 2.9\tex\generic\pgf\math\pgfmath
calc.code.tex"
("C:\Users\cash_\AppData\Local\Programs\MiKTeX 2.9\tex\generic\pgf\math\pgfmath
util.code.tex")
("C:\Users\cash_\AppData\Local\Programs\MiKTeX 2.9\tex\generic\pgf\math\pgfmath
parser.code.tex"
\pgfmath@dimen=\dimen123
\pgfmath@count=\count98
\pgfmath@box=\box29
\pgfmath@toks=\toks23
\pgfmath@stack@operand=\toks24
\pgfmath@stack@operation=\toks25
)
("C:\Users\cash_\AppData\Local\Programs\MiKTeX 2.9\tex\generic\pgf\math\pgfmath
functions.code.tex"
("C:\Users\cash_\AppData\Local\Programs\MiKTeX 2.9\tex\generic\pgf\math\pgfmath
functions.basic.code.tex")
("C:\Users\cash_\AppData\Local\Programs\MiKTeX 2.9\tex\generic\pgf\math\pgfmath
functions.trigonometric.code.tex")
("C:\Users\cash_\AppData\Local\Programs\MiKTeX 2.9\tex\generic\pgf\math\pgfmath
functions.random.code.tex")
("C:\Users\cash_\AppData\Local\Programs\MiKTeX 2.9\tex\generic\pgf\math\pgfmath
functions.comparison.code.tex")
("C:\Users\cash_\AppData\Local\Programs\MiKTeX 2.9\tex\generic\pgf\math\pgfmath
functions.base.code.tex")
("C:\Users\cash_\AppData\Local\Programs\MiKTeX 2.9\tex\generic\pgf\math\pgfmath
functions.round.code.tex")
("C:\Users\cash_\AppData\Local\Programs\MiKTeX 2.9\tex\generic\pgf\math\pgfmath
functions.misc.code.tex")
("C:\Users\cash_\AppData\Local\Programs\MiKTeX 2.9\tex\generic\pgf\math\pgfmath
functions.integerarithmetics.code.tex")))
("C:\Users\cash_\AppData\Local\Programs\MiKTeX 2.9\tex\generic\pgf\math\pgfmath
float.code.tex"
\c@pgfmathroundto@lastzeros=\count99
))
("C:\Users\cash_\AppData\Local\Programs\MiKTeX 2.9\tex\generic\pgf\basiclayer\p
gfcorepoints.code.tex"
File: pgfcorepoints.code.tex 2013/10/07  (rcs-revision 1.27)
\pgf@picminx=\dimen124
\pgf@picmaxx=\dimen125
\pgf@picminy=\dimen126
\pgf@picmaxy=\dimen127
\pgf@pathminx=\dimen128
\pgf@pathmaxx=\dimen129
\pgf@pathminy=\dimen130
\pgf@pathmaxy=\dimen131
\pgf@xx=\dimen132
\pgf@xy=\dimen133
\pgf@yx=\dimen134
\pgf@yy=\dimen135
\pgf@zx=\dimen136
\pgf@zy=\dimen137
)
("C:\Users\cash_\AppData\Local\Programs\MiKTeX 2.9\tex\generic\pgf\basiclayer\p
gfcorepathconstruct.code.tex"
File: pgfcorepathconstruct.code.tex 2013/10/07  (rcs-revision 1.29)
\pgf@path@lastx=\dimen138
\pgf@path@lasty=\dimen139
)
("C:\Users\cash_\AppData\Local\Programs\MiKTeX 2.9\tex\generic\pgf\basiclayer\p
gfcorepathusage.code.tex"
File: pgfcorepathusage.code.tex 2014/11/02  (rcs-revision 1.24)
\pgf@shorten@end@additional=\dimen140
\pgf@shorten@start@additional=\dimen141
)
("C:\Users\cash_\AppData\Local\Programs\MiKTeX 2.9\tex\generic\pgf\basiclayer\p
gfcorescopes.code.tex"
File: pgfcorescopes.code.tex 2015/05/08  (rcs-revision 1.46)
\pgfpic=\box30
\pgf@hbox=\box31
\pgf@layerbox@main=\box32
\pgf@picture@serial@count=\count100
)
("C:\Users\cash_\AppData\Local\Programs\MiKTeX 2.9\tex\generic\pgf\basiclayer\p
gfcoregraphicstate.code.tex"
File: pgfcoregraphicstate.code.tex 2014/11/02  (rcs-revision 1.12)
\pgflinewidth=\dimen142
)
("C:\Users\cash_\AppData\Local\Programs\MiKTeX 2.9\tex\generic\pgf\basiclayer\p
gfcoretransformations.code.tex"
File: pgfcoretransformations.code.tex 2015/08/07  (rcs-revision 1.20)
\pgf@pt@x=\dimen143
\pgf@pt@y=\dimen144
\pgf@pt@temp=\dimen145
)
("C:\Users\cash_\AppData\Local\Programs\MiKTeX 2.9\tex\generic\pgf\basiclayer\p
gfcorequick.code.tex"
File: pgfcorequick.code.tex 2008/10/09  (rcs-revision 1.3)
)
("C:\Users\cash_\AppData\Local\Programs\MiKTeX 2.9\tex\generic\pgf\basiclayer\p
gfcoreobjects.code.tex"
File: pgfcoreobjects.code.tex 2006/10/11  (rcs-revision 1.2)
)
("C:\Users\cash_\AppData\Local\Programs\MiKTeX 2.9\tex\generic\pgf\basiclayer\p
gfcorepathprocessing.code.tex"
File: pgfcorepathprocessing.code.tex 2013/09/09  (rcs-revision 1.9)
)
("C:\Users\cash_\AppData\Local\Programs\MiKTeX 2.9\tex\generic\pgf\basiclayer\p
gfcorearrows.code.tex"
File: pgfcorearrows.code.tex 2015/05/14  (rcs-revision 1.43)
\pgfarrowsep=\dimen146
)
("C:\Users\cash_\AppData\Local\Programs\MiKTeX 2.9\tex\generic\pgf\basiclayer\p
gfcoreshade.code.tex"
File: pgfcoreshade.code.tex 2013/07/15  (rcs-revision 1.15)
\pgf@max=\dimen147
\pgf@sys@shading@range@num=\count101
)
("C:\Users\cash_\AppData\Local\Programs\MiKTeX 2.9\tex\generic\pgf\basiclayer\p
gfcoreimage.code.tex"
File: pgfcoreimage.code.tex 2013/07/15  (rcs-revision 1.18)

("C:\Users\cash_\AppData\Local\Programs\MiKTeX 2.9\tex\generic\pgf\basiclayer\p
gfcoreexternal.code.tex"
File: pgfcoreexternal.code.tex 2014/07/09  (rcs-revision 1.21)
\pgfexternal@startupbox=\box33
))
("C:\Users\cash_\AppData\Local\Programs\MiKTeX 2.9\tex\generic\pgf\basiclayer\p
gfcorelayers.code.tex"
File: pgfcorelayers.code.tex 2013/07/18  (rcs-revision 1.7)
)
("C:\Users\cash_\AppData\Local\Programs\MiKTeX 2.9\tex\generic\pgf\basiclayer\p
gfcoretransparency.code.tex"
File: pgfcoretransparency.code.tex 2013/09/30  (rcs-revision 1.5)
)
("C:\Users\cash_\AppData\Local\Programs\MiKTeX 2.9\tex\generic\pgf\basiclayer\p
gfcorepatterns.code.tex"
File: pgfcorepatterns.code.tex 2013/11/07  (rcs-revision 1.5)
)))
("C:\Users\cash_\AppData\Local\Programs\MiKTeX 2.9\tex\generic\pgf\modules\pgfm
oduleshapes.code.tex"
File: pgfmoduleshapes.code.tex 2014/03/21  (rcs-revision 1.35)
\pgfnodeparttextbox=\box34
)
("C:\Users\cash_\AppData\Local\Programs\MiKTeX 2.9\tex\generic\pgf\modules\pgfm
oduleplot.code.tex"
File: pgfmoduleplot.code.tex 2015/08/03  (rcs-revision 1.13)
)
("C:\Users\cash_\AppData\Local\Programs\MiKTeX 2.9\tex\latex\pgf\compatibility\
pgfcomp-version-0-65.sty"
Package: pgfcomp-version-0-65 2007/07/03 v3.0.1a (rcs-revision 1.7)
\pgf@nodesepstart=\dimen148
\pgf@nodesepend=\dimen149
)
("C:\Users\cash_\AppData\Local\Programs\MiKTeX 2.9\tex\latex\pgf\compatibility\
pgfcomp-version-1-18.sty"
Package: pgfcomp-version-1-18 2007/07/23 v3.0.1a (rcs-revision 1.1)
))
("C:\Users\cash_\AppData\Local\Programs\MiKTeX 2.9\tex\latex\pgf\utilities\pgff
or.sty"
("C:\Users\cash_\AppData\Local\Programs\MiKTeX 2.9\tex\latex\pgf\utilities\pgfk
eys.sty"
("C:\Users\cash_\AppData\Local\Programs\MiKTeX 2.9\tex\generic\pgf\utilities\pg
fkeys.code.tex"))
("C:\Users\cash_\AppData\Local\Programs\MiKTeX 2.9\tex\latex\pgf\math\pgfmath.s
ty"
("C:\Users\cash_\AppData\Local\Programs\MiKTeX 2.9\tex\generic\pgf\math\pgfmath
.code.tex"))
("C:\Users\cash_\AppData\Local\Programs\MiKTeX 2.9\tex\generic\pgf\utilities\pg
ffor.code.tex"
Package: pgffor 2013/12/13 v3.0.1a (rcs-revision 1.25)

("C:\Users\cash_\AppData\Local\Programs\MiKTeX 2.9\tex\generic\pgf\math\pgfmath
.code.tex")
\pgffor@iter=\dimen150
\pgffor@skip=\dimen151
\pgffor@stack=\toks26
\pgffor@toks=\toks27
))
("C:\Users\cash_\AppData\Local\Programs\MiKTeX 2.9\tex\generic\pgf\frontendlaye
r\tikz\tikz.code.tex"
Package: tikz 2015/08/07 v3.0.1a (rcs-revision 1.151)

("C:\Users\cash_\AppData\Local\Programs\MiKTeX 2.9\tex\generic\pgf\libraries\pg
flibraryplothandlers.code.tex"
File: pgflibraryplothandlers.code.tex 2013/08/31 v3.0.1a (rcs-revision 1.20)
\pgf@plot@mark@count=\count102
\pgfplotmarksize=\dimen152
)
\tikz@lastx=\dimen153
\tikz@lasty=\dimen154
\tikz@lastxsaved=\dimen155
\tikz@lastysaved=\dimen156
\tikzleveldistance=\dimen157
\tikzsiblingdistance=\dimen158
\tikz@figbox=\box35
\tikz@figbox@bg=\box36
\tikz@tempbox=\box37
\tikz@tempbox@bg=\box38
\tikztreelevel=\count103
\tikznumberofchildren=\count104
\tikznumberofcurrentchild=\count105
\tikz@fig@count=\count106

("C:\Users\cash_\AppData\Local\Programs\MiKTeX 2.9\tex\generic\pgf\modules\pgfm
odulematrix.code.tex"
File: pgfmodulematrix.code.tex 2013/09/17  (rcs-revision 1.8)
\pgfmatrixcurrentrow=\count107
\pgfmatrixcurrentcolumn=\count108
\pgf@matrix@numberofcolumns=\count109
)
\tikz@expandcount=\count110

("C:\Users\cash_\AppData\Local\Programs\MiKTeX 2.9\tex\generic\pgf\frontendlaye
r\tikz\libraries\tikzlibrarytopaths.code.tex"
File: tikzlibrarytopaths.code.tex 2008/06/17 v3.0.1a (rcs-revision 1.2)
)))
("C:\Users\cash_\AppData\Local\Programs\MiKTeX 2.9\tex\latex\base\ifthen.sty"
Package: ifthen 2014/09/29 v1.1c Standard LaTeX ifthen package (DPC)
)
(cube.aux)
\openout1 = `cube.aux'.

LaTeX Font Info:    Checking defaults for OML/cmm/m/it on input line 117.
LaTeX Font Info:    ... okay on input line 117.
LaTeX Font Info:    Checking defaults for T1/cmr/m/n on input line 117.
LaTeX Font Info:    ... okay on input line 117.
LaTeX Font Info:    Checking defaults for OT1/cmr/m/n on input line 117.
LaTeX Font Info:    ... okay on input line 117.
LaTeX Font Info:    Checking defaults for OMS/cmsy/m/n on input line 117.
LaTeX Font Info:    ... okay on input line 117.
LaTeX Font Info:    Checking defaults for OMX/cmex/m/n on input line 117.
LaTeX Font Info:    ... okay on input line 117.
LaTeX Font Info:    Checking defaults for U/cmr/m/n on input line 117.
LaTeX Font Info:    ... okay on input line 117.

*geometry* driver: auto-detecting
*geometry* detected driver: pdftex
*geometry* verbose mode - [ preamble ] result:
* driver: pdftex
* paper: <default>
* layout: <same size as paper>
* layoutoffset:(h,v)=(0.0pt,0.0pt)
* modes: landscape 
* h-part:(L,W,R)=(42.67912pt, 759.68869pt, 42.67912pt)
* v-part:(T,H,B)=(42.67912pt, 512.14969pt, 42.67912pt)
* \paperwidth=845.04694pt
* \paperheight=597.50793pt
* \textwidth=759.68869pt
* \textheight=512.14969pt
* \oddsidemargin=-29.59087pt
* \evensidemargin=-29.59087pt
* \topmargin=-66.99088pt
* \headheight=17.0pt
* \headsep=20.40001pt
* \topskip=11.0pt
* \footskip=47.6pt
* \marginparwidth=59.7508pt
* \marginparsep=12.8401pt
* \columnsep=10.0pt
* \skip\footins=10.0pt plus 4.0pt minus 2.0pt
* \hoffset=0.0pt
* \voffset=0.0pt
* \mag=1000
* \@twocolumnfalse
* \@twosidefalse
* \@mparswitchfalse
* \@reversemarginfalse
* (1in=72.27pt=25.4mm, 1cm=28.453pt)

ABD: EveryShipout initializing macros
("C:\Users\cash_\AppData\Local\Programs\MiKTeX 2.9\tex\context\base\supp-pdf.mk
ii"
[Loading MPS to PDF converter (version 2006.09.02).]
\scratchcounter=\count111
\scratchdimen=\dimen159
\scratchbox=\box39
\nofMPsegments=\count112
\nofMParguments=\count113
\everyMPshowfont=\toks28
\MPscratchCnt=\count114
\MPscratchDim=\dimen160
\MPnumerator=\count115
\makeMPintoPDFobject=\count116
\everyMPtoPDFconversion=\toks29
)
("C:\Users\cash_\AppData\Local\Programs\MiKTeX 2.9\tex\generic\oberdiek\pdftexc
mds.sty"
Package: pdftexcmds 2016/05/21 v0.22 Utility functions of pdfTeX for LuaTeX (HO
)

("C:\Users\cash_\AppData\Local\Programs\MiKTeX 2.9\tex\generic\oberdiek\ifluate
x.sty"
Package: ifluatex 2016/05/16 v1.4 Provides the ifluatex switch (HO)
Package ifluatex Info: LuaTeX not detected.
)
Package pdftexcmds Info: LuaTeX not detected.
Package pdftexcmds Info: \pdf@primitive is available.
Package pdftexcmds Info: \pdf@ifprimitive is available.
Package pdftexcmds Info: \pdfdraftmode found.
)
("C:\Users\cash_\AppData\Local\Programs\MiKTeX 2.9\tex\latex\oberdiek\epstopdf-
base.sty"
Package: epstopdf-base 2016/05/15 v2.6 Base part for package epstopdf

("C:\Users\cash_\AppData\Local\Programs\MiKTeX 2.9\tex\latex\oberdiek\grfext.st
y"
Package: grfext 2016/05/16 v1.2 Manage graphics extensions (HO)

("C:\Users\cash_\AppData\Local\Programs\MiKTeX 2.9\tex\generic\oberdiek\kvdefin
ekeys.sty"
Package: kvdefinekeys 2016/05/16 v1.4 Define keys (HO)
))
("C:\Users\cash_\AppData\Local\Programs\MiKTeX 2.9\tex\latex\oberdiek\kvoptions
.sty"
Package: kvoptions 2016/05/16 v3.12 Key value format for package options (HO)

("C:\Users\cash_\AppData\Local\Programs\MiKTeX 2.9\tex\generic\oberdiek\kvsetke
ys.sty"
Package: kvsetkeys 2016/05/16 v1.17 Key value parser (HO)

("C:\Users\cash_\AppData\Local\Programs\MiKTeX 2.9\tex\generic\oberdiek\etexcmd
s.sty"
Package: etexcmds 2016/05/16 v1.6 Avoid name clashes with e-TeX commands (HO)
Package etexcmds Info: Could not find \expanded.
(etexcmds)             That can mean that you are not using pdfTeX 1.50 or
(etexcmds)             that some package has redefined \expanded.
(etexcmds)             In the latter case, load this package earlier.
)))
Package epstopdf-base Info: Redefining graphics rule for `.eps' on input line 4
38.
Package grfext Info: Graphics extension search list:
(grfext)             [.png,.pdf,.jpg,.mps,.jpeg,.jbig2,.jb2,.PNG,.PDF,.JPG,.JPE
G,.JBIG2,.JB2,.eps]
(grfext)             \AppendGraphicsExtensions on input line 456.
) [1

{C:/Users/cash_/AppData/Local/MiKTeX/2.9/pdftex/config/pdftex.map}] (cube.aux) 
) 
Here is how much of TeX's memory you used:
 13987 strings out of 493333
 286792 string characters out of 3130143
 420390 words of memory out of 3000000
 17300 multiletter control sequences out of 15000+200000
 3940 words of font info for 15 fonts, out of 3000000 for 9000
 1141 hyphenation exceptions out of 8191
 64i,7n,60p,8861b,644s stack positions out of 5000i,500n,10000p,200000b,50000s
<C:/Users/cash_/AppData/Local/Programs/MiKTeX 2.9/fonts/type1/public/amsfonts/
cm/cmr10.pfb>
Output written on cube.pdf (1 page, 12215 bytes).
PDF statistics:
 13 PDF objects out of 1000 (max. 8388607)
 0 named destinations out of 1000 (max. 500000)
 13 words of extra memory for PDF output out of 10000 (max. 10000000)

