\BOOKMARK [1][-]{section*.2}{Table of Contents}{}% 1
\BOOKMARK [1][-]{section.1}{Terms}{}% 2
\BOOKMARK [1][-]{section.2}{Why ?}{}% 3
\BOOKMARK [2][-]{subsection.2.1}{Why ? - And A Reason}{section.2}% 4
\BOOKMARK [2][-]{subsection.2.2}{The Goal}{section.2}% 5
\BOOKMARK [1][-]{section.3}{The Data}{}% 6
\BOOKMARK [1][-]{section.4}{The Data In Arts And Charts}{}% 7
\BOOKMARK [1][-]{section.5}{Scrutinize The Numbers By Inspection}{}% 8
\BOOKMARK [1][-]{section.6}{2 And 5 Are Out}{}% 9
\BOOKMARK [2][-]{subsection.6.1}{2 - Deuces Are Wild}{section.6}% 10
\BOOKMARK [2][-]{subsection.6.2}{5 - Five Is Alone}{section.6}% 11
\BOOKMARK [1][-]{section.7}{How And Why Can We Discard Numbers}{}% 12
\BOOKMARK [1][-]{section.8}{Let Us Go Hunt For The Sort And Formula\(s\)}{}% 13
\BOOKMARK [2][-]{subsection.8.1}{Cash Constant 00}{section.8}% 14
\BOOKMARK [2][-]{subsection.8.2}{Cash Constant 01}{section.8}% 15
\BOOKMARK [2][-]{subsection.8.3}{Cash Constant 02}{section.8}% 16
\BOOKMARK [1][-]{section.9}{The Cash Pile}{}% 17
\BOOKMARK [2][-]{subsection.9.1}{Matrix}{section.9}% 18
\BOOKMARK [2][-]{subsection.9.2}{Results}{section.9}% 19
\BOOKMARK [2][-]{subsection.9.3}{3D View Of The Cash Pile}{section.9}% 20
\BOOKMARK [2][-]{subsection.9.4}{Why Is The Pile Important ?}{section.9}% 21
\BOOKMARK [2][-]{subsection.9.5}{More Cash Pile Calculation}{section.9}% 22
\BOOKMARK [2][-]{subsection.9.6}{Cash Constant 03}{section.9}% 23
\BOOKMARK [1][-]{section.10}{y = mx + b}{}% 24
\BOOKMARK [1][-]{section.11}{Closer Look At Y Axis}{}% 25
\BOOKMARK [1][-]{section.12}{Closer Look At Y Axis For Cash Pile}{}% 26
\BOOKMARK [1][-]{section.13}{*3 Graph And Data}{}% 27
\BOOKMARK [2][-]{subsection.13.1}{*3 \(13\) And Square Root And 7}{section.13}% 28
\BOOKMARK [2][-]{subsection.13.2}{*3 \(13 Data\)}{section.13}% 29
\BOOKMARK [2][-]{subsection.13.3}{*3 \(23\) And Square Root And 7}{section.13}% 30
\BOOKMARK [2][-]{subsection.13.4}{*3 \(23 Data\)}{section.13}% 31
\BOOKMARK [2][-]{subsection.13.5}{Cash Constant 04}{section.13}% 32
\BOOKMARK [1][-]{section.14}{Algorithm}{}% 33
\BOOKMARK [1][-]{section.15}{Factors}{}% 34
\BOOKMARK [2][-]{subsection.15.1}{Cash Constant 05}{section.15}% 35
\BOOKMARK [1][-]{section.16}{From Chaos To Cosmos }{}% 36
\BOOKMARK [2][-]{subsection.16.1}{7 Chaos}{section.16}% 37
\BOOKMARK [2][-]{subsection.16.2}{7 Cosmos}{section.16}% 38
\BOOKMARK [1][-]{section.17}{11 Chaos to Cosmos}{}% 39
\BOOKMARK [2][-]{subsection.17.1}{11 Chaos}{section.17}% 40
\BOOKMARK [2][-]{subsection.17.2}{11 Cosmos}{section.17}% 41
\BOOKMARK [1][-]{section.18}{13 Chaos to Cosmos}{}% 42
\BOOKMARK [2][-]{subsection.18.1}{13 Chaos}{section.18}% 43
\BOOKMARK [2][-]{subsection.18.2}{13 Cosmos}{section.18}% 44
\BOOKMARK [1][-]{section.19}{Cosmos Formula}{}% 45
\BOOKMARK [2][-]{subsection.19.1}{Cash Constant 06}{section.19}% 46
\BOOKMARK [1][-]{section.20}{Where Are We And What Do We Know ?}{}% 47
\BOOKMARK [1][-]{section.21}{The Tapestry Threads}{}% 48
\BOOKMARK [2][-]{subsection.21.1}{Square Root and Wave}{section.21}% 49
\BOOKMARK [1][-]{section.22}{The Weave}{}% 50
\BOOKMARK [2][-]{subsection.22.1}{Close}{section.22}% 51
\BOOKMARK [2][-]{subsection.22.2}{gnuplot The Weave}{section.22}% 52
\BOOKMARK [2][-]{subsection.22.3}{Data For Weave}{section.22}% 53
\BOOKMARK [2][-]{subsection.22.4}{Big Data For The Weave}{section.22}% 54
\BOOKMARK [1][-]{section.23}{The Weave 2 - XLSM File And Macros And Pictures}{}% 55
\BOOKMARK [2][-]{subsection.23.1}{File Color Weave By Mod Math}{section.23}% 56
\BOOKMARK [2][-]{subsection.23.2}{Macro}{section.23}% 57
\BOOKMARK [2][-]{subsection.23.3}{Function Call}{section.23}% 58
\BOOKMARK [2][-]{subsection.23.4}{Formulas To Get Cash Pile ``n'' Value}{section.23}% 59
\BOOKMARK [2][-]{subsection.23.5}{Full Results}{section.23}% 60
\BOOKMARK [2][-]{subsection.23.6}{Segments View}{section.23}% 61
\BOOKMARK [1][-]{section.24}{Family Factors}{}% 62
\BOOKMARK [2][-]{subsection.24.1}{Filters}{section.24}% 63
\BOOKMARK [2][-]{subsection.24.2}{Aggregate Of Filters}{section.24}% 64
\BOOKMARK [2][-]{subsection.24.3}{Natural Numbers}{section.24}% 65
\BOOKMARK [1][-]{section.25}{Flip The Coin One More Time}{}% 66
\BOOKMARK [2][-]{subsection.25.1}{One More Coin Flip}{section.25}% 67
\BOOKMARK [2][-]{subsection.25.2}{Filters}{section.25}% 68
\BOOKMARK [2][-]{subsection.25.3}{Last Look At 30's}{section.25}% 69
\BOOKMARK [1][-]{section.26}{Conclusion}{}% 70
\BOOKMARK [1][-]{section.27}{Signal To Noise}{}% 71
\BOOKMARK [2][-]{subsection.27.1}{Signal to Noise Generator}{section.27}% 72
\BOOKMARK [1][-]{section.28}{Final The Cash Wave}{}% 73
\BOOKMARK [2][-]{subsection.28.1}{Revisit The Slope}{section.28}% 74
\BOOKMARK [2][-]{subsection.28.2}{Revisit The Cash Wave}{section.28}% 75
\BOOKMARK [2][-]{subsection.28.3}{Wave Sorted Data}{section.28}% 76
\BOOKMARK [2][-]{subsection.28.4}{Wave LO HI Data Sum Pairs And Odd Cnt}{section.28}% 77
\BOOKMARK [2][-]{subsection.28.5}{More Box Math Magic}{section.28}% 78
\BOOKMARK [3][-]{subsubsection.28.5.1}{File Box Math}{subsection.28.5}% 79
\BOOKMARK [3][-]{subsubsection.28.5.2}{Data Box Math}{subsection.28.5}% 80
\BOOKMARK [3][-]{subsubsection.28.5.3}{The Cash Constant 0}{subsection.28.5}% 81
\BOOKMARK [2][-]{subsection.28.6}{Counting Coup}{section.28}% 82
\BOOKMARK [3][-]{subsubsection.28.6.1}{The Cash Constant 1}{subsection.28.6}% 83
\BOOKMARK [3][-]{subsubsection.28.6.2}{The Cash Constant 2}{subsection.28.6}% 84
\BOOKMARK [3][-]{subsubsection.28.6.3}{The Cash Constant 3}{subsection.28.6}% 85
\BOOKMARK [2][-]{subsection.28.7}{Cash Balance}{section.28}% 86
\BOOKMARK [3][-]{subsubsection.28.7.1}{File Cash Balance}{subsection.28.7}% 87
\BOOKMARK [3][-]{subsubsection.28.7.2}{Signal Compare - Data Error}{subsection.28.7}% 88
\BOOKMARK [3][-]{subsubsection.28.7.3}{Signal Compare - Data Error Corrected}{subsection.28.7}% 89
\BOOKMARK [3][-]{subsubsection.28.7.4}{Signal Compare - Sorted ``n'' Ascending 13 17}{subsection.28.7}% 90
\BOOKMARK [3][-]{subsubsection.28.7.5}{More Math Max Less the *Fam}{subsection.28.7}% 91
\BOOKMARK [3][-]{subsubsection.28.7.6}{More Math Matrix Delta}{subsection.28.7}% 92
\BOOKMARK [3][-]{subsubsection.28.7.7}{More External SUM DIFF}{subsection.28.7}% 93
\BOOKMARK [3][-]{subsubsection.28.7.8}{Signal Compare Box 5 All *Pairs}{subsection.28.7}% 94
\BOOKMARK [3][-]{subsubsection.28.7.9}{Cash Constant 001}{subsection.28.7}% 95
\BOOKMARK [3][-]{subsubsection.28.7.10}{Cash Constant 002}{subsection.28.7}% 96
\BOOKMARK [3][-]{subsubsection.28.7.11}{Cash Constant ?? Many}{subsection.28.7}% 97
\BOOKMARK [3][-]{subsubsection.28.7.12}{Odd Even Test}{subsection.28.7}% 98
\BOOKMARK [3][-]{subsubsection.28.7.13}{Cash Constant 07 - The Cash Balance}{subsection.28.7}% 99
\BOOKMARK [3][-]{subsubsection.28.7.14}{Master Key}{subsection.28.7}% 100
\BOOKMARK [2][-]{subsection.28.8}{Sorted Headings}{section.28}% 101
\BOOKMARK [3][-]{subsubsection.28.8.1}{Static *fam Matrix Headings}{subsection.28.8}% 102
\BOOKMARK [3][-]{subsubsection.28.8.2}{Dynamic *fam Matrix Headings}{subsection.28.8}% 103
\BOOKMARK [2][-]{subsection.28.9}{Color Sinking More}{section.28}% 104
\BOOKMARK [2][-]{subsection.28.10}{Hit Chart}{section.28}% 105
\BOOKMARK [3][-]{subsubsection.28.10.1}{Hit Chart Static - Mirror Image}{subsection.28.10}% 106
\BOOKMARK [3][-]{subsubsection.28.10.2}{Hit Chart Dynamic}{subsection.28.10}% 107
\BOOKMARK [3][-]{subsubsection.28.10.3}{Hit Chart Symmetric}{subsection.28.10}% 108
\BOOKMARK [2][-]{subsection.28.11}{Box Balance}{section.28}% 109
\BOOKMARK [3][-]{subsubsection.28.11.1}{Static Box Balance}{subsection.28.11}% 110
\BOOKMARK [3][-]{subsubsection.28.11.2}{Box Balance Plot In One Box - x , y , z , m - Place Holders}{subsection.28.11}% 111
\BOOKMARK [3][-]{subsubsection.28.11.3}{Box Balance Next Sum}{subsection.28.11}% 112
\BOOKMARK [3][-]{subsubsection.28.11.4}{Dynamic Box Balance}{subsection.28.11}% 113
\BOOKMARK [3][-]{subsubsection.28.11.5}{End Box Bal}{subsection.28.11}% 114
\BOOKMARK [2][-]{subsection.28.12}{Cash Wave}{section.28}% 115
\BOOKMARK [1][-]{section.29}{Cash Out}{}% 116
\BOOKMARK [1][-]{section.30}{Throw Stones}{}% 117
\BOOKMARK [1][-]{section.31}{Epilogue}{}% 118
\BOOKMARK [1][-]{section.32}{Almost End}{}% 119
\BOOKMARK [1][-]{section.33}{Very End}{}% 120
\BOOKMARK [1][-]{section.34}{The Bitter End}{}% 121
\BOOKMARK [1][-]{section.35}{READD START}{}% 122
\BOOKMARK [1][-]{section.36}{READD END}{}% 123
\BOOKMARK [1][-]{section.37}{Separate Start}{}% 124
\BOOKMARK [1][-]{section.38}{Separate End}{}% 125
\BOOKMARK [1][-]{section*.8}{Appendices}{}% 126
